2024-07-21 10:29:51,781 - ERROR - Error checking balance, retrying in 5 seconds: list index out of range
2024-07-21 10:29:57,521 - ERROR - Error checking balance, retrying in 5 seconds: list index out of range
2024-07-21 10:30:03,293 - ERROR - Error checking balance: list index out of range
2024-07-21 10:32:19,361 - ERROR - Error checking balance, retrying in 5 seconds: list index out of range
2024-07-21 10:32:25,141 - ERROR - Error checking balance, retrying in 5 seconds: list index out of range
2024-07-21 10:32:30,861 - ERROR - Error checking balance: list index out of range
2024-07-21 10:32:32,018 - INFO - Seed: true together burst hero end when purpose between pepper language nuclear pottery
2024-07-21 10:32:32,021 - INFO - BTC Address: 1ECoUVta3eG4ex3kpWMNoSK3f2YCiP17P3, Balance: 0.0 BTC
2024-07-21 10:32:32,021 - INFO - ETH Address: 0x45976f96D6fd21677A88090D8771770A90606314, Balance: 0.0 ETH
2024-07-21 10:32:32,022 - INFO - LTC Address: LKkFoHc3hmK6XJd6ptCNKiSDFbG2zxJU6t, Balance: 0.0 LTC
2024-07-21 10:32:32,022 - INFO - TRX Address: TBjdcnZ3Q1VJFjBNnaND3nx3pjm9sbf8r9, Balance: 0 TRX
2024-07-21 10:32:32,022 - INFO - USDT Address: 0x45976f96D6fd21677A88090D8771770A90606314, Balance: 0.0 USDT
2024-07-21 10:32:35,277 - ERROR - Error checking balance, retrying in 5 seconds: list index out of range
2024-07-21 10:32:41,025 - ERROR - Error checking balance, retrying in 5 seconds: list index out of range
2024-07-21 10:32:46,759 - ERROR - Error checking balance: list index out of range
2024-07-21 10:32:47,901 - INFO - Seed: worry execute fiscal acoustic seminar space shoe believe earn try wish liquid
2024-07-21 10:32:47,901 - INFO - BTC Address: 1JCDMKwjwvU92tYBqfPjZ3pTcexgYMTv2f, Balance: 0.0 BTC
2024-07-21 10:32:47,902 - INFO - ETH Address: 0xB04506f22a02Ba089e9D3f1E1dF5DEb75367a8D9, Balance: 0.0 ETH
2024-07-21 10:32:47,902 - INFO - LTC Address: LfyEb4fYkTmwYJKXn72MHApsdATE5BGhQV, Balance: 0.0 LTC
2024-07-21 10:32:47,903 - INFO - TRX Address: TN8n1uV9e1Jv3mt2V5msnVdkb2bEb2JtwD, Balance: 0 TRX
2024-07-21 10:32:47,903 - INFO - USDT Address: 0xB04506f22a02Ba089e9D3f1E1dF5DEb75367a8D9, Balance: 0.0 USDT
2024-07-21 10:32:51,257 - ERROR - Error checking balance, retrying in 5 seconds: list index out of range
2024-07-21 10:32:57,212 - ERROR - Error checking balance, retrying in 5 seconds: list index out of range
2024-07-21 10:33:02,928 - ERROR - Error checking balance: list index out of range
2024-07-21 10:33:04,074 - INFO - Seed: retire able smart multiply history used loop minimum girl rare hybrid loan
2024-07-21 10:33:04,075 - INFO - BTC Address: 1smy6xmX2q4VHdkqTz6hvJgtU9x3FoxSz, Balance: 0.0 BTC
2024-07-21 10:33:04,075 - INFO - ETH Address: 0xAf18b20A27aA58BDBF1EFAE2Ab5aDF81648560Ff, Balance: 0.0 ETH
2024-07-21 10:33:04,075 - INFO - LTC Address: LNfUgWNxKYkndz3FkEU3CYVaKZdZa9W8sy, Balance: 0.0 LTC
2024-07-21 10:33:04,075 - INFO - TRX Address: TCaNmRs35Y3giqAm1TSDA6U5XX9MB6W3y8, Balance: 0 TRX
2024-07-21 10:33:04,075 - INFO - USDT Address: 0xAf18b20A27aA58BDBF1EFAE2Ab5aDF81648560Ff, Balance: 0.0 USDT
2024-07-21 10:33:07,178 - ERROR - Error checking balance, retrying in 5 seconds: list index out of range
2024-07-21 10:33:12,903 - ERROR - Error checking balance, retrying in 5 seconds: list index out of range
2024-07-21 10:33:18,617 - ERROR - Error checking balance: list index out of range
2024-07-21 10:33:19,789 - INFO - Seed: cup amazing earth faculty true few glare dynamic sibling observe culture account
2024-07-21 10:33:19,789 - INFO - BTC Address: 1GWaG2qNeNSELGWtEfq9PdjJfoZQQv8Xug, Balance: 0.0 BTC
2024-07-21 10:33:19,790 - INFO - ETH Address: 0xdF6aBF1760df71A78173A125Bbd3AcB650B680cf, Balance: 0.0 ETH
2024-07-21 10:33:19,790 - INFO - LTC Address: LLogUMwxXXYjgT5MEujeXTDXMWzbYp3Ej2, Balance: 0.0 LTC
2024-07-21 10:33:19,791 - INFO - TRX Address: TJvuzHMzNqkMXQdj6ak82gZKgZ1KmwWc9H, Balance: 0 TRX
2024-07-21 10:33:19,791 - INFO - USDT Address: 0xdF6aBF1760df71A78173A125Bbd3AcB650B680cf, Balance: 0.0 USDT
2024-07-21 10:33:22,898 - ERROR - Error checking balance, retrying in 5 seconds: list index out of range
2024-07-21 10:33:28,628 - ERROR - Error checking balance, retrying in 5 seconds: list index out of range
2024-07-21 10:33:34,350 - ERROR - Error checking balance: list index out of range
2024-07-21 10:33:35,503 - INFO - Seed: film doll enemy divert divide question crystal crystal stool sad car pulp
2024-07-21 10:33:35,503 - INFO - BTC Address: 13GxKChKXorcbBG2TreDtwBGVxu5mCRJd6, Balance: 0.0 BTC
2024-07-21 10:33:35,504 - INFO - ETH Address: 0x8D540A57550a499A33427e6034804F8746fF4234, Balance: 0.0 ETH
2024-07-21 10:33:35,505 - INFO - LTC Address: LfV7AeXGEB5aBwbDgksLhUBKS9oF9YcG5M, Balance: 0.0 LTC
2024-07-21 10:33:35,505 - INFO - TRX Address: TDnVxYztszpVCZbYsiv1k4HeDsT6iYfvXj, Balance: 0 TRX
2024-07-21 10:33:35,506 - INFO - USDT Address: 0x8D540A57550a499A33427e6034804F8746fF4234, Balance: 0.0 USDT
2024-07-21 10:33:38,225 - ERROR - Error checking balance, retrying in 5 seconds: list index out of range
2024-07-21 10:33:43,947 - ERROR - Error checking balance, retrying in 5 seconds: list index out of range
2024-07-21 10:33:49,677 - ERROR - Error checking balance: list index out of range
2024-07-21 10:33:53,872 - INFO - Seed: satisfy earth rail spring flower fit fan turkey letter popular special blue
2024-07-21 10:33:53,872 - INFO - BTC Address: 1B8SLpGowP7LPRuphpXXaxTck2ChdeHa6Y, Balance: 0.0 BTC
2024-07-21 10:33:53,873 - INFO - ETH Address: 0xd914A612BB0ae8BFE8223CF64Bd685E1aABf8F50, Balance: 0.0 ETH
2024-07-21 10:33:53,873 - INFO - LTC Address: LVwrCfDeT4qBhxFM9WqHXsAQgS9kTXKEgg, Balance: 0.0 LTC
2024-07-21 10:33:53,874 - INFO - TRX Address: TBBQLWwoQHwfq6aFxjEXqccudxhycP6DdB, Balance: 0 TRX
2024-07-21 10:33:53,874 - INFO - USDT Address: 0xd914A612BB0ae8BFE8223CF64Bd685E1aABf8F50, Balance: 0.0 USDT
2024-07-21 10:33:56,897 - ERROR - Error checking balance, retrying in 5 seconds: list index out of range
2024-07-21 10:34:02,624 - ERROR - Error checking balance, retrying in 5 seconds: list index out of range
2024-07-21 10:34:08,347 - ERROR - Error checking balance: list index out of range
2024-07-21 10:34:09,497 - INFO - Seed: tenant ride aerobic travel virus human feature long casino wonder output lyrics
2024-07-21 10:34:09,497 - INFO - BTC Address: 17E8YVN3EnsyDn1ATYLHGzLvQF5yLPxZLF, Balance: 0.0 BTC
2024-07-21 10:34:09,498 - INFO - ETH Address: 0xC37882800056A56D5280A27c41dC1A48eD9f47F4, Balance: 0.0 ETH
2024-07-21 10:34:09,499 - INFO - LTC Address: LgDoDWsky42sGfCJEEoY4qhRkQzFrP7gBH, Balance: 0.0 LTC
2024-07-21 10:34:09,499 - INFO - TRX Address: TTcuYDXjcPF6iL6uXwnLD9wNzDZvNBJjiy, Balance: 0 TRX
2024-07-21 10:34:09,500 - INFO - USDT Address: 0xC37882800056A56D5280A27c41dC1A48eD9f47F4, Balance: 0.0 USDT
2024-07-21 10:34:12,927 - ERROR - Error checking balance, retrying in 5 seconds: list index out of range
2024-07-21 10:34:18,663 - ERROR - Error checking balance, retrying in 5 seconds: list index out of range
2024-07-21 10:34:24,388 - ERROR - Error checking balance: list index out of range
2024-07-21 10:34:25,483 - INFO - Seed: buddy agent tissue scissors source shop charge forest salt piano service hurt
2024-07-21 10:34:25,483 - INFO - BTC Address: 1KaCLQdkJoH1JZG1kHKLZg4m4e8FdmXyog, Balance: 0.0 BTC
2024-07-21 10:34:25,484 - INFO - ETH Address: 0xDb8964975B5dB7CC53942fB7BE380ef8b711fAbF, Balance: 0.0 ETH
2024-07-21 10:34:25,485 - INFO - LTC Address: Lc6ge5Xezxn723amv9o4bduzzyZTQV6aPC, Balance: 0.0 LTC
2024-07-21 10:34:25,486 - INFO - TRX Address: TJxiVikiZZAeyXAn8N9GKd8EAcxcpRA68s, Balance: 0 TRX
2024-07-21 10:34:25,487 - INFO - USDT Address: 0xDb8964975B5dB7CC53942fB7BE380ef8b711fAbF, Balance: 0.0 USDT
2024-07-21 10:34:28,543 - ERROR - Error checking balance, retrying in 5 seconds: list index out of range
2024-07-21 10:34:34,233 - ERROR - Error checking balance, retrying in 5 seconds: list index out of range
2024-07-21 10:34:39,926 - ERROR - Error checking balance: list index out of range
2024-07-21 10:34:41,031 - INFO - Seed: human barely ginger heart region outer section spike gold wash hold display
2024-07-21 10:34:41,032 - INFO - BTC Address: 14YcZ84rf8MQEp5UQBwNYU9b73A2LnzNjE, Balance: 0.0 BTC
2024-07-21 10:34:41,032 - INFO - ETH Address: 0xbb1945cfB76A2950b2A4289e1AD7d024b9f5BCD4, Balance: 0.0 ETH
2024-07-21 10:34:41,032 - INFO - LTC Address: LS7J73QTKUhK2BAnzifVRFQ6bgyYVwynJp, Balance: 0.0 LTC
2024-07-21 10:34:41,033 - INFO - TRX Address: TAqMXs3hE9h9b3rnNZoJjij9N6zxe1WGn8, Balance: 0 TRX
2024-07-21 10:34:41,033 - INFO - USDT Address: 0xbb1945cfB76A2950b2A4289e1AD7d024b9f5BCD4, Balance: 0.0 USDT
2024-07-21 10:34:43,960 - ERROR - Error checking balance, retrying in 5 seconds: list index out of range
2024-07-21 10:34:49,642 - ERROR - Error checking balance, retrying in 5 seconds: list index out of range
2024-07-21 10:34:53,606 - INFO - Program interrupted by user. Exiting...
2024-07-21 10:35:26,143 - ERROR - No balance data found for TRX address: TM2nqY96wy4ZjuuVvXJNRmUpiTxtWssBxE
2024-07-21 10:35:27,319 - INFO - Seed: unable view immense humble refuse boost hire brave quit lunch width cousin
2024-07-21 10:35:27,319 - INFO - BTC Address: 1NoKw9ejBJVVt6Ca1TJDgAxGHxoK3kgtQN, Balance: 0.0 BTC
2024-07-21 10:35:27,319 - INFO - ETH Address: 0x22637C48Fb2EB6dc9220dAdcAb3C736242E9cafe, Balance: 0.0 ETH
2024-07-21 10:35:27,320 - INFO - LTC Address: LTL9qvXdidZD5JCsQCNaTn3sKBg9PMZJJD, Balance: 0.0 LTC
2024-07-21 10:35:27,320 - INFO - TRX Address: TM2nqY96wy4ZjuuVvXJNRmUpiTxtWssBxE, Balance: 0 TRX
2024-07-21 10:35:27,320 - INFO - USDT Address: 0x22637C48Fb2EB6dc9220dAdcAb3C736242E9cafe, Balance: 0.0 USDT
2024-07-21 10:35:30,162 - ERROR - No balance data found for TRX address: TKB1kC2LmMurdVqgwXkBj5MVEkr8vDStVy
2024-07-21 10:35:31,171 - INFO - Seed: mountain army mobile boring skate dish motor fashion cluster neither bounce clown
2024-07-21 10:35:31,172 - INFO - BTC Address: 1AFtBbLb58YUTTFmvS9MbxFmyfm392ERAz, Balance: 0.0 BTC
2024-07-21 10:35:31,172 - INFO - ETH Address: 0x2F8e4dcAa069121AD1250C4629832f43595cCAE5, Balance: 0.0 ETH
2024-07-21 10:35:31,172 - INFO - LTC Address: LanvK6suF1Ga8WzvPdR3FFXroFrTABhqNW, Balance: 0.0 LTC
2024-07-21 10:35:31,172 - INFO - TRX Address: TKB1kC2LmMurdVqgwXkBj5MVEkr8vDStVy, Balance: 0 TRX
2024-07-21 10:35:31,173 - INFO - USDT Address: 0x2F8e4dcAa069121AD1250C4629832f43595cCAE5, Balance: 0.0 USDT
2024-07-21 10:35:34,392 - ERROR - No balance data found for TRX address: TDyhyJhW5YVzZCarQHZ5M8t3mC87Qrh74Q
2024-07-21 10:35:35,380 - INFO - Seed: unit finish tornado manual wrap spray mention model human bar post quality
2024-07-21 10:35:35,380 - INFO - BTC Address: 16N3ujMq83eGKxQxEZ2R7euG7YmHX6mp97, Balance: 0.0 BTC
2024-07-21 10:35:35,381 - INFO - ETH Address: 0x92A91e982949c74A74b6aecD165E1419F3efF292, Balance: 0.0 ETH
2024-07-21 10:35:35,381 - INFO - LTC Address: LRfZaWtAewYrYYUcBd6cEgExTD5dVjqcPG, Balance: 0.0 LTC
2024-07-21 10:35:35,381 - INFO - TRX Address: TDyhyJhW5YVzZCarQHZ5M8t3mC87Qrh74Q, Balance: 0 TRX
2024-07-21 10:35:35,381 - INFO - USDT Address: 0x92A91e982949c74A74b6aecD165E1419F3efF292, Balance: 0.0 USDT
2024-07-21 10:35:38,768 - ERROR - No balance data found for TRX address: TPmmbSspizT8WEkAaHVaRFVR8HcrD35Eko
2024-07-21 10:35:40,069 - INFO - Seed: puppy cheap fault cause shoe room tomato duck dice pigeon this trap
2024-07-21 10:35:40,069 - INFO - BTC Address: 1gXgv4qXuVbFpzUxChjCAZroJxP9sEX57, Balance: 0.0 BTC
2024-07-21 10:35:40,069 - INFO - ETH Address: 0xA675042fb9162F51bfc4f9351d9790CE8dC886a0, Balance: 0.0 ETH
2024-07-21 10:35:40,070 - INFO - LTC Address: LNYHb4y1Yd6g5rRakySPwazzz4az4F7jmw, Balance: 0.0 LTC
2024-07-21 10:35:40,070 - INFO - TRX Address: TPmmbSspizT8WEkAaHVaRFVR8HcrD35Eko, Balance: 0 TRX
2024-07-21 10:35:40,070 - INFO - USDT Address: 0xA675042fb9162F51bfc4f9351d9790CE8dC886a0, Balance: 0.0 USDT
2024-07-21 10:35:43,018 - ERROR - No balance data found for TRX address: TFd8TRBE4tpa2RzEppw5ibTMzdWBEnesGu
2024-07-21 10:35:44,197 - INFO - Seed: ice drift base symptom dress nominee coyote suspect cream dilemma only mobile
2024-07-21 10:35:44,197 - INFO - BTC Address: 1QJFj2THWtnYxWzRANxbMRhgktoaMcisMo, Balance: 0.0 BTC
2024-07-21 10:35:44,198 - INFO - ETH Address: 0x9Fd237F86C1AD1Dd3aC60237dE9d0Fd5FEC6C224, Balance: 0.0 ETH
2024-07-21 10:35:44,198 - INFO - LTC Address: LiBKV2Qc39MdumjynsXazsDEKWy8nB6Kmx, Balance: 0.0 LTC
2024-07-21 10:35:44,199 - INFO - TRX Address: TFd8TRBE4tpa2RzEppw5ibTMzdWBEnesGu, Balance: 0 TRX
2024-07-21 10:35:44,200 - INFO - USDT Address: 0x9Fd237F86C1AD1Dd3aC60237dE9d0Fd5FEC6C224, Balance: 0.0 USDT
2024-07-21 10:35:46,859 - ERROR - No balance data found for TRX address: TFvNpn1pmAHcpMbruQCtVSLSWkGKWauPCa
2024-07-21 10:35:47,869 - INFO - Seed: brand fringe laundry grant iron proof nature cushion vicious federal barely sweet
2024-07-21 10:35:47,870 - INFO - BTC Address: 17xweyksdndo4fRge5g9VeYQTmjemTHeQr, Balance: 0.0 BTC
2024-07-21 10:35:47,871 - INFO - ETH Address: 0xD48c0C25EE9C1964D1B9219DC8785bCb1F511Ed5, Balance: 0.0 ETH
2024-07-21 10:35:47,871 - INFO - LTC Address: LRAvLVDyMFYL45WhwWVtiGBWKU9qPL6ojv, Balance: 0.0 LTC
2024-07-21 10:35:47,871 - INFO - TRX Address: TFvNpn1pmAHcpMbruQCtVSLSWkGKWauPCa, Balance: 0 TRX
2024-07-21 10:35:47,872 - INFO - USDT Address: 0xD48c0C25EE9C1964D1B9219DC8785bCb1F511Ed5, Balance: 0.0 USDT
2024-07-21 10:35:50,961 - ERROR - No balance data found for TRX address: TBT81BtZg2oJH9dq9eLAqJWA6tZJYGNHXC
2024-07-21 10:35:52,009 - INFO - Seed: shop edge verb concert gadget elbow surge detect blame hurt lizard congress
2024-07-21 10:35:52,009 - INFO - BTC Address: 1PKGd7P81JYyVfSCW9VBG2CufN8YMYnrEm, Balance: 0.0 BTC
2024-07-21 10:35:52,011 - INFO - ETH Address: 0xB70df18e7B524E9E2f951b5eeC33cB50E1CB9Ab3, Balance: 0.0 ETH
2024-07-21 10:35:52,011 - INFO - LTC Address: LPWLPPXipoWDQFuoBxa8fAhv3qv6MJ1mvq, Balance: 0.0 LTC
2024-07-21 10:35:52,012 - INFO - TRX Address: TBT81BtZg2oJH9dq9eLAqJWA6tZJYGNHXC, Balance: 0 TRX
2024-07-21 10:35:52,012 - INFO - USDT Address: 0xB70df18e7B524E9E2f951b5eeC33cB50E1CB9Ab3, Balance: 0.0 USDT
2024-07-21 10:35:54,977 - ERROR - No balance data found for TRX address: TRytyFZ997xVPrcScPn9PxCK3RsiAK1zuH
2024-07-21 10:35:56,126 - INFO - Seed: illness female crash outer doctor base bundle where album alpha scorpion deal
2024-07-21 10:35:56,127 - INFO - BTC Address: 1JHUmJyNio3St5hjLXLgregpvTLxVNgYMa, Balance: 0.0 BTC
2024-07-21 10:35:56,127 - INFO - ETH Address: 0xE4e20F1C96a0F96EBcA9a0b3F3789F23047debA6, Balance: 0.0 ETH
2024-07-21 10:35:56,128 - INFO - LTC Address: LfiFpRdLp6iTZ8B4Ad3hnUaunNP4aG68s2, Balance: 0.0 LTC
2024-07-21 10:35:56,129 - INFO - TRX Address: TRytyFZ997xVPrcScPn9PxCK3RsiAK1zuH, Balance: 0 TRX
2024-07-21 10:35:56,129 - INFO - USDT Address: 0xE4e20F1C96a0F96EBcA9a0b3F3789F23047debA6, Balance: 0.0 USDT
2024-07-21 10:35:59,361 - ERROR - No balance data found for TRX address: TNpTcwPp1LcUtGVEuHbxKLgJNEdAUQ93PQ
2024-07-21 10:36:00,400 - INFO - Seed: swear trigger ugly video ceiling possible volume session virus short tumble vintage
2024-07-21 10:36:00,400 - INFO - BTC Address: 17YjNfpKCADPbjfcHunSkNgCfUswVJ26VB, Balance: 0.0 BTC
2024-07-21 10:36:00,401 - INFO - ETH Address: 0xC44af08718aD23b0Bc842beC2Fafa970452674B9, Balance: 0.0 ETH
2024-07-21 10:36:00,401 - INFO - LTC Address: LhW3hLj3xgPL2jZEmfuh1zDeer3G5t6vM5, Balance: 0.0 LTC
2024-07-21 10:36:00,402 - INFO - TRX Address: TNpTcwPp1LcUtGVEuHbxKLgJNEdAUQ93PQ, Balance: 0 TRX
2024-07-21 10:36:00,403 - INFO - USDT Address: 0xC44af08718aD23b0Bc842beC2Fafa970452674B9, Balance: 0.0 USDT
2024-07-21 10:36:03,669 - ERROR - No balance data found for TRX address: TY5iCVptBnJk9xH9PU4HqnrGbPGTMGunxg
2024-07-21 10:36:04,695 - INFO - Seed: relax glance check cloud spoon sorry thought double predict cement mutual symptom
2024-07-21 10:36:04,696 - INFO - BTC Address: 16a6cQVCnCjcdrwgzwgwgFJSHjz8C44e5d, Balance: 0.0 BTC
2024-07-21 10:36:04,696 - INFO - ETH Address: 0x4fD9002d51bAfD1B6765E99CA6A0F7a7fA7d7C0a, Balance: 0.0 ETH
2024-07-21 10:36:04,696 - INFO - LTC Address: LfHZv7n4CdYKfNZFQAKi5Yuo9BkD83ezo2, Balance: 0.0 LTC
2024-07-21 10:36:04,697 - INFO - TRX Address: TY5iCVptBnJk9xH9PU4HqnrGbPGTMGunxg, Balance: 0 TRX
2024-07-21 10:36:04,698 - INFO - USDT Address: 0x4fD9002d51bAfD1B6765E99CA6A0F7a7fA7d7C0a, Balance: 0.0 USDT
2024-07-21 10:36:07,792 - ERROR - No balance data found for TRX address: TYSSeQNZAmwwCjDD51fbox5UbqNPQHUWzH
2024-07-21 10:36:08,942 - INFO - Seed: charge approve size hour analyst cannon material buddy skill brush equal improve
2024-07-21 10:36:08,942 - INFO - BTC Address: 1MmBcbiRkGssfveoKysjgnRzU8eP15Zdji, Balance: 0.0 BTC
2024-07-21 10:36:08,942 - INFO - ETH Address: 0x0a0593368Ccdc997Af8D1dd6C6E84Bfc23890d94, Balance: 0.0 ETH
2024-07-21 10:36:08,942 - INFO - LTC Address: LfMu69DtHUhvfTpRo8QWsueNawBFNhsDzp, Balance: 0.0 LTC
2024-07-21 10:36:08,943 - INFO - TRX Address: TYSSeQNZAmwwCjDD51fbox5UbqNPQHUWzH, Balance: 0 TRX
2024-07-21 10:36:08,943 - INFO - USDT Address: 0x0a0593368Ccdc997Af8D1dd6C6E84Bfc23890d94, Balance: 0.0 USDT
2024-07-21 10:36:11,875 - ERROR - No balance data found for TRX address: TNoRr8R9oLuZ1SEnudYyw2XcFNproMCBV8
2024-07-21 10:36:12,889 - INFO - Seed: forward tiger drive acquire luxury bunker piano have room egg ranch upset
2024-07-21 10:36:12,889 - INFO - BTC Address: 1Q2axSqiZDqxUukb1QCo2JTSTsYe25A7Ui, Balance: 0.0 BTC
2024-07-21 10:36:12,890 - INFO - ETH Address: 0x079fc0572d1D60Cd164Dc0c2cEDc2Eb51e70e004, Balance: 0.0 ETH
2024-07-21 10:36:12,892 - INFO - LTC Address: LUzEjGpBBs1SaSrH2ss7BGfjufomKMVNH9, Balance: 0.0 LTC
2024-07-21 10:36:12,893 - INFO - TRX Address: TNoRr8R9oLuZ1SEnudYyw2XcFNproMCBV8, Balance: 0 TRX
2024-07-21 10:36:12,894 - INFO - USDT Address: 0x079fc0572d1D60Cd164Dc0c2cEDc2Eb51e70e004, Balance: 0.0 USDT
2024-07-21 10:36:15,846 - ERROR - No balance data found for TRX address: TXEN1CyfsSotKsbfwTJXzfQFjs97dQGVjp
2024-07-21 10:36:16,870 - INFO - Seed: patrol dash exclude nest mushroom cactus time virtual apart soda find step
2024-07-21 10:36:16,871 - INFO - BTC Address: 1Ewn6zhhSj4Xst4wUMEAxdpuEYio4tLQCK, Balance: 0.0 BTC
2024-07-21 10:36:16,871 - INFO - ETH Address: 0xf4c97a5b38340920d06BE1663bB0d0a8B69cA910, Balance: 0.0 ETH
2024-07-21 10:36:16,872 - INFO - LTC Address: LPybWV4FiZYBhnRTsBPnNQrenNyc8CTGJu, Balance: 0.0 LTC
2024-07-21 10:36:16,872 - INFO - TRX Address: TXEN1CyfsSotKsbfwTJXzfQFjs97dQGVjp, Balance: 0 TRX
2024-07-21 10:36:16,873 - INFO - USDT Address: 0xf4c97a5b38340920d06BE1663bB0d0a8B69cA910, Balance: 0.0 USDT
2024-07-21 10:36:19,830 - ERROR - No balance data found for TRX address: TM6bPj4yXkNFczfPQ8GZMo2UVHs3Gm7dvA
2024-07-21 10:36:20,994 - INFO - Seed: amazing outer crater buddy rotate client oblige frequent holiday net crunch raven
2024-07-21 10:36:20,994 - INFO - BTC Address: 1HXVqPkyHZvUdmJwgLEdKUDx9BzJKj8Wbn, Balance: 0.0 BTC
2024-07-21 10:36:20,995 - INFO - ETH Address: 0xc2B11b6BD7Fcf74c464026802De7C2F923f5397A, Balance: 0.0 ETH
2024-07-21 10:36:20,995 - INFO - LTC Address: Le1RqAifr7rV5x2zYMoAB6GDcdMYAwMQkb, Balance: 0.0 LTC
2024-07-21 10:36:20,995 - INFO - TRX Address: TM6bPj4yXkNFczfPQ8GZMo2UVHs3Gm7dvA, Balance: 0 TRX
2024-07-21 10:36:20,997 - INFO - USDT Address: 0xc2B11b6BD7Fcf74c464026802De7C2F923f5397A, Balance: 0.0 USDT
2024-07-21 10:36:23,796 - ERROR - No balance data found for TRX address: TRJ2RaeecHb7f4VUFPDAh5QfaoyvbmJVRf
2024-07-21 10:36:25,904 - INFO - Seed: sword antenna milk artist liberty follow over mixed ask depend explain siren
2024-07-21 10:36:25,905 - INFO - BTC Address: 16oP7fDM7PXB93GaEAqa15Z75f553Gm5pf, Balance: 0.0 BTC
2024-07-21 10:36:25,905 - INFO - ETH Address: 0x711c383E86d832547a37F6dDe36c3d39c7e5eeA8, Balance: 0.0 ETH
2024-07-21 10:36:25,906 - INFO - LTC Address: LLBnaLXnrARrn3fe1PiG8FzwGVMkqvpf8x, Balance: 0.0 LTC
2024-07-21 10:36:25,907 - INFO - TRX Address: TRJ2RaeecHb7f4VUFPDAh5QfaoyvbmJVRf, Balance: 0 TRX
2024-07-21 10:36:25,907 - INFO - USDT Address: 0x711c383E86d832547a37F6dDe36c3d39c7e5eeA8, Balance: 0.0 USDT
2024-07-21 10:36:29,219 - ERROR - No balance data found for TRX address: TTbxHcsdDMZCr6UfHjUHPPxq4chEK9Mep7
2024-07-21 10:36:30,222 - INFO - Seed: magic piece segment involve day jeans diesel crystal when turn crouch swarm
2024-07-21 10:36:30,222 - INFO - BTC Address: 1Lfq6pwG6CfRbwtQAH5nK6kZzDRSX155Ej, Balance: 0.0 BTC
2024-07-21 10:36:30,223 - INFO - ETH Address: 0x029807B0D833B17976E6685DE55D15b3e170591f, Balance: 0.0 ETH
2024-07-21 10:36:30,224 - INFO - LTC Address: LfTtuM6MzvpGdX85sWEZ5nEtnXgNKUZTNT, Balance: 0.0 LTC
2024-07-21 10:36:30,224 - INFO - TRX Address: TTbxHcsdDMZCr6UfHjUHPPxq4chEK9Mep7, Balance: 0 TRX
2024-07-21 10:36:30,224 - INFO - USDT Address: 0x029807B0D833B17976E6685DE55D15b3e170591f, Balance: 0.0 USDT
2024-07-21 10:36:33,191 - ERROR - No balance data found for TRX address: TTfARGr7tseNDqQNaDVnRV4wFXojTpVCJP
2024-07-21 10:36:34,350 - INFO - Seed: carbon obtain coast legend illness marriage engage flash toss quality rotate enact
2024-07-21 10:36:34,351 - INFO - BTC Address: 1DhoVqVUh32P2cd9vXwn3sgZk9pQnpvNsA, Balance: 0.0 BTC
2024-07-21 10:36:34,351 - INFO - ETH Address: 0xf29488eC8C339CE89F19BE6B800644837C634d68, Balance: 0.0 ETH
2024-07-21 10:36:34,351 - INFO - LTC Address: LQsvh7APTXTcG1sfBBpDUftFHYCSiPVjtM, Balance: 0.0 LTC
2024-07-21 10:36:34,352 - INFO - TRX Address: TTfARGr7tseNDqQNaDVnRV4wFXojTpVCJP, Balance: 0 TRX
2024-07-21 10:36:34,353 - INFO - USDT Address: 0xf29488eC8C339CE89F19BE6B800644837C634d68, Balance: 0.0 USDT
2024-07-21 10:36:37,261 - ERROR - No balance data found for TRX address: TKkcxB5hT1Kw3uiqNMkAwz4EyMojxMf7RF
2024-07-21 10:36:38,281 - INFO - Seed: transfer orchard kind trophy effort enforce gas armed flat broken carbon predict
2024-07-21 10:36:38,282 - INFO - BTC Address: 199XvvjvJ1Qqw2L8ac3DBTPZrrbbHdNRvz, Balance: 0.0 BTC
2024-07-21 10:36:38,283 - INFO - ETH Address: 0x2502847e0Cb2d42Adf2e40a62439d8BCAC62789A, Balance: 0.0 ETH
2024-07-21 10:36:38,283 - INFO - LTC Address: LUsDrLpiCyn2wtciyHAj6yNvtph8TkQ6pK, Balance: 0.0 LTC
2024-07-21 10:36:38,284 - INFO - TRX Address: TKkcxB5hT1Kw3uiqNMkAwz4EyMojxMf7RF, Balance: 0 TRX
2024-07-21 10:36:38,284 - INFO - USDT Address: 0x2502847e0Cb2d42Adf2e40a62439d8BCAC62789A, Balance: 0.0 USDT
2024-07-21 10:36:41,365 - ERROR - No balance data found for TRX address: TD5i2K5xic86BFG5yCQoGZMTQTpDPW9qjw
2024-07-21 10:36:42,406 - INFO - Seed: ramp infant wood blush cancel usage seek render lock fade twin margin
2024-07-21 10:36:42,407 - INFO - BTC Address: 14czEvNQVRfBxWY8HQnoi2fcrhDUvhjdY9, Balance: 0.0 BTC
2024-07-21 10:36:42,407 - INFO - ETH Address: 0x5934CDf068eEB076B746e3971b0C98edc27a5265, Balance: 0.0 ETH
2024-07-21 10:36:42,407 - INFO - LTC Address: LKaStNDWYp4h6Pb3Dr1MqS2uuHJu2P55iS, Balance: 0.0 LTC
2024-07-21 10:36:42,408 - INFO - TRX Address: TD5i2K5xic86BFG5yCQoGZMTQTpDPW9qjw, Balance: 0 TRX
2024-07-21 10:36:42,408 - INFO - USDT Address: 0x5934CDf068eEB076B746e3971b0C98edc27a5265, Balance: 0.0 USDT
2024-07-21 10:36:45,350 - ERROR - No balance data found for TRX address: TQuKDmDPEr4843d4QcJ7bDtQJfTzB57uYP
2024-07-21 10:36:46,516 - INFO - Seed: chronic ski pole brief pole lizard wine merry honey region provide door
2024-07-21 10:36:46,517 - INFO - BTC Address: 1HAebezXPXKq2kdXFLUEEYpcnQXJ4RWGJx, Balance: 0.0 BTC
2024-07-21 10:36:46,517 - INFO - ETH Address: 0x7Ec4D9dc24803194036e74236096a839a9E43b49, Balance: 0.0 ETH
2024-07-21 10:36:46,518 - INFO - LTC Address: Lgmwxd9REtE5evLHLrytbGoWQqcgHpfne4, Balance: 0.0 LTC
2024-07-21 10:36:46,519 - INFO - TRX Address: TQuKDmDPEr4843d4QcJ7bDtQJfTzB57uYP, Balance: 0 TRX
2024-07-21 10:36:46,519 - INFO - USDT Address: 0x7Ec4D9dc24803194036e74236096a839a9E43b49, Balance: 0.0 USDT
2024-07-21 10:36:49,155 - ERROR - No balance data found for TRX address: TCnQxM8cLqKVfX85ZRAfexp6KPjGgq3aBm
2024-07-21 10:36:50,180 - INFO - Seed: public silver kitten north nerve dizzy leg mammal subway seat worth nasty
2024-07-21 10:36:50,180 - INFO - BTC Address: 1KLg57RyFb76YEUdkrTSWzbDFwnP9dfq3d, Balance: 0.0 BTC
2024-07-21 10:36:50,181 - INFO - ETH Address: 0x62Df888A147eBc144742E587eDC04B7f76295471, Balance: 0.0 ETH
2024-07-21 10:36:50,182 - INFO - LTC Address: LLBprJWTQu2fHwAPoarbe3xHRF9a5TarBh, Balance: 0.0 LTC
2024-07-21 10:36:50,182 - INFO - TRX Address: TCnQxM8cLqKVfX85ZRAfexp6KPjGgq3aBm, Balance: 0 TRX
2024-07-21 10:36:50,183 - INFO - USDT Address: 0x62Df888A147eBc144742E587eDC04B7f76295471, Balance: 0.0 USDT
2024-07-21 10:36:54,850 - ERROR - No balance data found for TRX address: TDMBHb6M1T6Q3RFzodvs3ViMrL99HVkeSf
2024-07-21 10:37:10,908 - INFO - Seed: daughter rose wrestle ready cook enforce slab corn fame clean wire hazard
2024-07-21 10:37:10,908 - INFO - BTC Address: 148t2vsHiMbyPX8mTbtB9EvLCkNgwz6GYf, Balance: 0.0 BTC
2024-07-21 10:37:10,909 - INFO - ETH Address: 0x01755a9Af0E3404B074CD0B3C478a5C7aB28ae72, Balance: 0.0 ETH
2024-07-21 10:37:10,910 - INFO - LTC Address: Lam7boHuwF4WVGedxQiW1BDmiTa1z2DQJ2, Balance: 0.0 LTC
2024-07-21 10:37:10,911 - INFO - TRX Address: TDMBHb6M1T6Q3RFzodvs3ViMrL99HVkeSf, Balance: 0 TRX
2024-07-21 10:37:10,911 - INFO - USDT Address: 0x01755a9Af0E3404B074CD0B3C478a5C7aB28ae72, Balance: 0.0 USDT
2024-07-21 10:37:13,990 - ERROR - No balance data found for TRX address: TGrxs3XAmMCepLRjdnJnPXimyHhYPXLdZq
2024-07-21 10:37:15,012 - INFO - Seed: reduce gather lamp pistol stove portion nothing harsh grain crack kitten reflect
2024-07-21 10:37:15,012 - INFO - BTC Address: 12pg5Np6Eea1WRWGztcbXfXEgDZRBNnCyX, Balance: 0.0 BTC
2024-07-21 10:37:15,013 - INFO - ETH Address: 0xe9836e7177f46C469F98ed5a2a4fC94B8e487153, Balance: 0.0 ETH
2024-07-21 10:37:15,013 - INFO - LTC Address: LYV1aVjxezy4HJN72DHLa7ZUs9V7238Faw, Balance: 0.0 LTC
2024-07-21 10:37:15,014 - INFO - TRX Address: TGrxs3XAmMCepLRjdnJnPXimyHhYPXLdZq, Balance: 0 TRX
2024-07-21 10:37:15,014 - INFO - USDT Address: 0xe9836e7177f46C469F98ed5a2a4fC94B8e487153, Balance: 0.0 USDT
2024-07-21 10:37:17,369 - ERROR - Error checking balance, retrying in 5 seconds: 'final_balance'
2024-07-21 10:37:23,778 - ERROR - No balance data found for TRX address: TSEvXDM6KhoUdxXGyr5QByPpqgCE4tQTKH
2024-07-21 10:38:23,036 - INFO - Seed: burden elder duck celery ice catch desert creek any tongue desert art
2024-07-21 10:38:23,036 - INFO - BTC Address: 1rFmyeYD5A8scndgurmUfoPdawt7UxVGn, Balance: 0.0 BTC
2024-07-21 10:38:23,037 - INFO - ETH Address: 0x1fdF009939ecC7Fe85dD8564c246af4b6aD2fa05, Balance: 0.0 ETH
2024-07-21 10:38:23,038 - INFO - LTC Address: LV3mrpN7CENbYcm7CqNReZAtZzs7RhThj7, Balance: 0.0 LTC
2024-07-21 10:38:23,038 - INFO - TRX Address: TSEvXDM6KhoUdxXGyr5QByPpqgCE4tQTKH, Balance: 0 TRX
2024-07-21 10:38:23,038 - INFO - USDT Address: 0x1fdF009939ecC7Fe85dD8564c246af4b6aD2fa05, Balance: 0.0 USDT
2024-07-21 10:38:25,694 - ERROR - Error checking balance, retrying in 5 seconds: 'final_balance'
2024-07-21 10:38:31,587 - ERROR - Error checking balance, retrying in 5 seconds: 'final_balance'
2024-07-21 10:38:37,217 - ERROR - Error checking balance: 'final_balance'
2024-07-21 10:38:37,977 - ERROR - No balance data found for TRX address: TBQrkfbQvxZwggBW2CkUGXDsvgazhUFkQ1
2024-07-21 10:38:39,187 - INFO - Seed: box salute female project best duck wash abstract awake miracle live situate
2024-07-21 10:38:39,187 - INFO - BTC Address: 1NxGuRzhnSYnnADeFtiQv5k95UFxG3oWLy, Balance: 0.0 BTC
2024-07-21 10:38:39,188 - INFO - ETH Address: 0x56ED5805e35Eed16fFEAE5E0fa277d20B84A3523, Balance: 0.0 ETH
2024-07-21 10:38:39,189 - INFO - LTC Address: LRWEaad53QGLY3ATAPtbfGyutwFoceY6wU, Balance: 0 LTC
2024-07-21 10:38:39,189 - INFO - TRX Address: TBQrkfbQvxZwggBW2CkUGXDsvgazhUFkQ1, Balance: 0 TRX
2024-07-21 10:38:39,190 - INFO - USDT Address: 0x56ED5805e35Eed16fFEAE5E0fa277d20B84A3523, Balance: 0.0 USDT
2024-07-21 10:38:41,549 - ERROR - Error checking balance, retrying in 5 seconds: 'final_balance'
2024-07-21 10:38:47,177 - ERROR - Error checking balance, retrying in 5 seconds: 'final_balance'
2024-07-21 10:38:52,767 - ERROR - Error checking balance: 'final_balance'
2024-07-21 10:38:53,512 - ERROR - No balance data found for TRX address: TV6VeFffA2ub2tzwyyA3sv2QUsQoYxxxsn
2024-07-21 10:38:54,703 - INFO - Seed: duty dizzy luxury ice useless survey forget blanket lemon raw winter quick
2024-07-21 10:38:54,703 - INFO - BTC Address: 1N1QMtCr65Sv1WptoHRh2HyDmxkRDVMFns, Balance: 0.0 BTC
2024-07-21 10:38:54,703 - INFO - ETH Address: 0xe65392b5F7f8cE560926cC625544e0c19ac7fec6, Balance: 0.0 ETH
2024-07-21 10:38:54,705 - INFO - LTC Address: Lh3a9JEDhXaZxQbrBw5DPG6Bj5tqLp2syv, Balance: 0 LTC
2024-07-21 10:38:54,706 - INFO - TRX Address: TV6VeFffA2ub2tzwyyA3sv2QUsQoYxxxsn, Balance: 0 TRX
2024-07-21 10:38:54,706 - INFO - USDT Address: 0xe65392b5F7f8cE560926cC625544e0c19ac7fec6, Balance: 0.0 USDT
2024-07-21 10:38:57,015 - ERROR - Error checking balance, retrying in 5 seconds: 'final_balance'
2024-07-21 10:39:03,637 - ERROR - No balance data found for TRX address: TQpiGoPjNnoJRLr5ieBSm3BPeStwDvY579
2024-07-21 10:39:04,828 - INFO - Seed: maid slight sustain sight border beyond sure donate flock stuff warfare pottery
2024-07-21 10:39:04,829 - INFO - BTC Address: 19RE2ADjBPdqMyyMAi9zJkEN2Y2RdJY1mY, Balance: 0.0 BTC
2024-07-21 10:39:04,829 - INFO - ETH Address: 0x799d54195E63075A53CCCa6c75DECc37E1DAd390, Balance: 0.0 ETH
2024-07-21 10:39:04,830 - INFO - LTC Address: LaQ5NYFenEmGGz5FpzHMwQBkMEKN33kbB5, Balance: 0.0 LTC
2024-07-21 10:39:04,831 - INFO - TRX Address: TQpiGoPjNnoJRLr5ieBSm3BPeStwDvY579, Balance: 0 TRX
2024-07-21 10:39:04,831 - INFO - USDT Address: 0x799d54195E63075A53CCCa6c75DECc37E1DAd390, Balance: 0.0 USDT
2024-07-21 10:39:07,654 - ERROR - No balance data found for TRX address: TCNoMu9GZ6bUEAYEHHf76Dncaf7ryTnoU5
2024-07-21 10:39:08,673 - INFO - Seed: absurd rotate adapt horror symbol bright exile cushion measure nation fat wrap
2024-07-21 10:39:08,673 - INFO - BTC Address: 1APpDzUjSohs1n4kSSEiu5We95RCBZpdFu, Balance: 0.0 BTC
2024-07-21 10:39:08,674 - INFO - ETH Address: 0xfeFc071144278341310cc4F3A3eecbff19edF297, Balance: 0.0 ETH
2024-07-21 10:39:08,675 - INFO - LTC Address: LLjeNNZgspwLq3mmHDdRf6x5AktFpCHPhD, Balance: 0.0 LTC
2024-07-21 10:39:08,675 - INFO - TRX Address: TCNoMu9GZ6bUEAYEHHf76Dncaf7ryTnoU5, Balance: 0 TRX
2024-07-21 10:39:08,676 - INFO - USDT Address: 0xfeFc071144278341310cc4F3A3eecbff19edF297, Balance: 0.0 USDT
2024-07-21 10:39:11,171 - ERROR - Error checking balance, retrying in 5 seconds: 'final_balance'
2024-07-21 10:39:17,018 - ERROR - Error checking balance, retrying in 5 seconds: 'final_balance'
2024-07-21 10:39:22,488 - ERROR - Error checking balance: 'final_balance'
2024-07-21 10:39:23,339 - ERROR - No balance data found for TRX address: TLyYywE8C5B9K3rzXzqW5CFjsUx8C48bBj
2024-07-21 10:39:24,513 - INFO - Seed: drill dinosaur blur vague lobster weapon cigar alarm banana gym blossom claw
2024-07-21 10:39:24,513 - INFO - BTC Address: 133GcJnFanuqwGauqEpJ2eHYMBRJzU4p3w, Balance: 0.0 BTC
2024-07-21 10:39:24,514 - INFO - ETH Address: 0x28Ba34e1aA8DEbCdF51cE0598C9FFEDADC2033cE, Balance: 0.0 ETH
2024-07-21 10:39:24,514 - INFO - LTC Address: LLw4wWue4jQB1HPtT4j1wtn38LdQ9WsGCF, Balance: 0 LTC
2024-07-21 10:39:24,515 - INFO - TRX Address: TLyYywE8C5B9K3rzXzqW5CFjsUx8C48bBj, Balance: 0 TRX
2024-07-21 10:39:24,516 - INFO - USDT Address: 0x28Ba34e1aA8DEbCdF51cE0598C9FFEDADC2033cE, Balance: 0.0 USDT
2024-07-21 10:39:26,839 - ERROR - Error checking balance, retrying in 5 seconds: 'final_balance'
2024-07-21 10:39:32,276 - ERROR - Error checking balance, retrying in 5 seconds: 'final_balance'
2024-07-21 10:39:37,746 - ERROR - Error checking balance: 'final_balance'
2024-07-21 10:39:38,496 - ERROR - No balance data found for TRX address: TAeeumR46M85wtfYLRLvLkbr2RgwHDJfFm
2024-07-21 10:39:39,658 - INFO - Seed: shaft deny absurd second magnet blur auction balcony problem drastic card middle
2024-07-21 10:39:39,658 - INFO - BTC Address: 19awLeh8BoHXkaAzG7hMQ2n1Xr373inywR, Balance: 0.0 BTC
2024-07-21 10:39:39,659 - INFO - ETH Address: 0xF65C2D6240ec85b10eA13C7e629B19C1D75d9548, Balance: 0.0 ETH
2024-07-21 10:39:39,659 - INFO - LTC Address: LViEtnLMkuxCxNna5Lq2ScVC6NPfu8g3hP, Balance: 0 LTC
2024-07-21 10:39:39,659 - INFO - TRX Address: TAeeumR46M85wtfYLRLvLkbr2RgwHDJfFm, Balance: 0 TRX
2024-07-21 10:39:39,660 - INFO - USDT Address: 0xF65C2D6240ec85b10eA13C7e629B19C1D75d9548, Balance: 0.0 USDT
2024-07-21 10:39:41,811 - ERROR - Error checking balance, retrying in 5 seconds: 'final_balance'
2024-07-21 10:39:47,240 - ERROR - Error checking balance, retrying in 5 seconds: 'final_balance'
2024-07-21 10:39:52,708 - ERROR - Error checking balance: 'final_balance'
2024-07-21 10:39:53,444 - ERROR - No balance data found for TRX address: TTJceGMFxeToZDYTcy9ppsq7gF4Yg6sAJT
2024-07-21 10:39:54,609 - INFO - Seed: retreat mutual display can portion sound lemon skirt draw dentist country broom
2024-07-21 10:39:54,610 - INFO - BTC Address: 18BsQd4ybyTm8XUXuTrC8RWbDmLGG3Pokh, Balance: 0.0 BTC
2024-07-21 10:39:54,610 - INFO - ETH Address: 0x74Ed09403D173f6D3d82b6235860E7d0f4aC3F55, Balance: 0.0 ETH
2024-07-21 10:39:54,611 - INFO - LTC Address: LYikcycmZn7zkXqzk9h3S3QGei7p8ftoGw, Balance: 0 LTC
2024-07-21 10:39:54,611 - INFO - TRX Address: TTJceGMFxeToZDYTcy9ppsq7gF4Yg6sAJT, Balance: 0 TRX
2024-07-21 10:39:54,612 - INFO - USDT Address: 0x74Ed09403D173f6D3d82b6235860E7d0f4aC3F55, Balance: 0.0 USDT
2024-07-21 10:39:57,009 - ERROR - Error checking balance, retrying in 5 seconds: 'final_balance'
2024-07-21 10:40:02,524 - ERROR - Error checking balance, retrying in 5 seconds: 'final_balance'
2024-07-21 10:40:07,985 - ERROR - Error checking balance: 'final_balance'
2024-07-21 10:40:08,726 - ERROR - No balance data found for TRX address: TGiAYRXH59pWvQe5oxKmBhuxKa69AjCfGq
2024-07-21 10:40:09,912 - INFO - Seed: trust admit lake voice kiwi hat ladder mandate increase mistake mushroom nest
2024-07-21 10:40:09,912 - INFO - BTC Address: 1EvNBy4C6fTEcioko5GmygDTEasGUkrR2e, Balance: 0.0 BTC
2024-07-21 10:40:09,913 - INFO - ETH Address: 0xC5D19204284E27822E136516A3c52059408a71Ef, Balance: 0.0 ETH
2024-07-21 10:40:09,913 - INFO - LTC Address: LT9GZjpDg3yReaUDMeeNLh3v6hPtvUxchF, Balance: 0 LTC
2024-07-21 10:40:09,914 - INFO - TRX Address: TGiAYRXH59pWvQe5oxKmBhuxKa69AjCfGq, Balance: 0 TRX
2024-07-21 10:40:09,914 - INFO - USDT Address: 0xC5D19204284E27822E136516A3c52059408a71Ef, Balance: 0.0 USDT
2024-07-21 10:40:12,186 - ERROR - Error checking balance, retrying in 5 seconds: 'final_balance'
2024-07-21 10:40:17,665 - ERROR - Error checking balance, retrying in 5 seconds: 'final_balance'
2024-07-21 10:40:23,166 - ERROR - Error checking balance: 'final_balance'
2024-07-21 10:40:23,894 - ERROR - No balance data found for TRX address: TCYtfPFcoNq6D1azRPjL3n5YSbQtn6aPYH
2024-07-21 10:40:25,080 - INFO - Seed: utility toddler erosion arrow mushroom salon always venue intact language volume gentle
2024-07-21 10:40:25,081 - INFO - BTC Address: 1EBQWwPu1uXv6MGAZp6TwephJQso185tXw, Balance: 0.0 BTC
2024-07-21 10:40:25,081 - INFO - ETH Address: 0xc98b58D79334BF7Ba8379d56686e633eb57FD3Fe, Balance: 0.0 ETH
2024-07-21 10:40:25,082 - INFO - LTC Address: LXiMt1dUMaSuL9z3z7UJwFFshkX2XLBoNZ, Balance: 0 LTC
2024-07-21 10:40:25,082 - INFO - TRX Address: TCYtfPFcoNq6D1azRPjL3n5YSbQtn6aPYH, Balance: 0 TRX
2024-07-21 10:40:25,083 - INFO - USDT Address: 0xc98b58D79334BF7Ba8379d56686e633eb57FD3Fe, Balance: 0.0 USDT
2024-07-21 10:40:27,228 - ERROR - Error checking balance, retrying in 5 seconds: 'final_balance'
2024-07-21 10:40:32,686 - ERROR - Error checking balance, retrying in 5 seconds: 'final_balance'
2024-07-21 10:40:38,185 - ERROR - Error checking balance: 'final_balance'
2024-07-21 10:40:38,912 - ERROR - No balance data found for TRX address: TUxk5HVGu9CdhUjjipmCfjvBk9FFmp7PJX
2024-07-21 10:40:40,102 - INFO - Seed: orchard pond cry topic fox tribe assist tumble regret health acid spray
2024-07-21 10:40:40,102 - INFO - BTC Address: 1Pv882zYWsdMas1883MACScqKZSUhq3AuP, Balance: 0.0 BTC
2024-07-21 10:40:40,103 - INFO - ETH Address: 0x049b30AC87F470cbc9F24553E6c8c4a6718001C7, Balance: 0.0 ETH
2024-07-21 10:40:40,104 - INFO - LTC Address: LiAJry96XCNwXQ6gyuGCN94RyADUnrS5Ka, Balance: 0 LTC
2024-07-21 10:40:40,104 - INFO - TRX Address: TUxk5HVGu9CdhUjjipmCfjvBk9FFmp7PJX, Balance: 0 TRX
2024-07-21 10:40:40,105 - INFO - USDT Address: 0x049b30AC87F470cbc9F24553E6c8c4a6718001C7, Balance: 0.0 USDT
2024-07-21 10:40:42,245 - ERROR - Error checking balance, retrying in 5 seconds: 'final_balance'
2024-07-21 10:40:47,777 - ERROR - Error checking balance, retrying in 5 seconds: 'final_balance'
2024-07-21 10:40:53,285 - ERROR - Error checking balance: 'final_balance'
2024-07-21 10:40:54,017 - ERROR - No balance data found for TRX address: TPAFo4PdScTVuCTih7hbYzce9KFB4yeUio
2024-07-21 10:40:55,192 - INFO - Seed: any donate exile flash calm monkey alcohol route river rural ship common
2024-07-21 10:40:55,192 - INFO - BTC Address: 1PxzdJ6fFqAUYyezJeAqMffdbc2XVwcFyd, Balance: 0.0 BTC
2024-07-21 10:40:55,193 - INFO - ETH Address: 0x7dC4209be09Be7953a59B007d41dA7918Fa24dF5, Balance: 0.0 ETH
2024-07-21 10:40:55,193 - INFO - LTC Address: LckSHKYtJsE9eDxq4Pj5yXQgprA1x3KPDB, Balance: 0 LTC
2024-07-21 10:40:55,194 - INFO - TRX Address: TPAFo4PdScTVuCTih7hbYzce9KFB4yeUio, Balance: 0 TRX
2024-07-21 10:40:55,195 - INFO - USDT Address: 0x7dC4209be09Be7953a59B007d41dA7918Fa24dF5, Balance: 0.0 USDT
2024-07-21 10:40:57,547 - ERROR - Error checking balance, retrying in 5 seconds: 'final_balance'
2024-07-21 10:41:03,067 - ERROR - Error checking balance, retrying in 5 seconds: 'final_balance'
2024-07-21 10:41:08,546 - ERROR - Error checking balance: 'final_balance'
2024-07-21 10:41:09,292 - ERROR - No balance data found for TRX address: TGjgDcJrbf36Yg1FuJgNpNZmBgCF6EaFhA
2024-07-21 10:41:10,469 - INFO - Seed: zone hotel write found pony crew humble pyramid transfer summer alert donate
2024-07-21 10:41:10,470 - INFO - BTC Address: 19tmX49DxGX1LezwZy7Ey2qneycX6WJRoU, Balance: 0.0 BTC
2024-07-21 10:41:10,470 - INFO - ETH Address: 0x04eA6621dDA7b89b3F4E9a2d8CeB1A52B882205F, Balance: 0.0 ETH
2024-07-21 10:41:10,471 - INFO - LTC Address: Ld6VvnbJTwtyBqFkf8znTbgJDynvqqqaN5, Balance: 0 LTC
2024-07-21 10:41:10,471 - INFO - TRX Address: TGjgDcJrbf36Yg1FuJgNpNZmBgCF6EaFhA, Balance: 0 TRX
2024-07-21 10:41:10,472 - INFO - USDT Address: 0x04eA6621dDA7b89b3F4E9a2d8CeB1A52B882205F, Balance: 0.0 USDT
2024-07-21 10:41:12,612 - ERROR - Error checking balance, retrying in 5 seconds: 'final_balance'
2024-07-21 10:41:18,131 - ERROR - Error checking balance, retrying in 5 seconds: 'final_balance'
2024-07-21 10:41:23,586 - ERROR - Error checking balance: 'final_balance'
2024-07-21 10:41:24,356 - ERROR - No balance data found for TRX address: TFc6KSZyuf3KWURCoGNbfp7KFtrg4jRkaB
2024-07-21 10:41:25,532 - INFO - Seed: tree sugar ugly human flash degree exercise inch setup glass spoil book
2024-07-21 10:41:25,533 - INFO - BTC Address: 1Pa2MqLEK8YhtJnM6g6ZeiJaGz9hDjwfyi, Balance: 0.0 BTC
2024-07-21 10:41:25,534 - INFO - ETH Address: 0xdA9DaF22bAdE0B1314c5C4b7b30D171d0De0b595, Balance: 0.0 ETH
2024-07-21 10:41:25,534 - INFO - LTC Address: LPezGyMByVb28J78UipiixtBWfzRtv8bFD, Balance: 0 LTC
2024-07-21 10:41:25,535 - INFO - TRX Address: TFc6KSZyuf3KWURCoGNbfp7KFtrg4jRkaB, Balance: 0 TRX
2024-07-21 10:41:25,535 - INFO - USDT Address: 0xdA9DaF22bAdE0B1314c5C4b7b30D171d0De0b595, Balance: 0.0 USDT
2024-07-21 10:41:27,676 - ERROR - Error checking balance, retrying in 5 seconds: 'final_balance'
2024-07-21 10:41:33,165 - ERROR - Error checking balance, retrying in 5 seconds: 'final_balance'
2024-07-21 10:41:38,647 - ERROR - Error checking balance: 'final_balance'
2024-07-21 10:41:39,427 - ERROR - No balance data found for TRX address: TB2j5DQyKUSVyhSyyPwnZnLUtPrwxMBV6S
2024-07-21 10:41:40,637 - INFO - Seed: major nurse plug volcano gold shine speak armed female steel ability giggle
2024-07-21 10:41:40,637 - INFO - BTC Address: 1QFbcorMSbG9Ec5h4TzUWY7w36XWfZheAt, Balance: 0.0 BTC
2024-07-21 10:41:40,638 - INFO - ETH Address: 0xCB353a1864c03738F66252FC0F47cA386a133D19, Balance: 0.0 ETH
2024-07-21 10:41:40,638 - INFO - LTC Address: LUspqw6uoDmMH1qTXVnBwgEhup5bnw5aW7, Balance: 0 LTC
2024-07-21 10:41:40,639 - INFO - TRX Address: TB2j5DQyKUSVyhSyyPwnZnLUtPrwxMBV6S, Balance: 0 TRX
2024-07-21 10:41:40,639 - INFO - USDT Address: 0xCB353a1864c03738F66252FC0F47cA386a133D19, Balance: 0.0 USDT
2024-07-21 10:41:43,986 - ERROR - Error checking balance, retrying in 5 seconds: 'final_balance'
2024-07-21 10:41:49,444 - ERROR - Error checking balance, retrying in 5 seconds: 'final_balance'
2024-07-21 10:41:54,897 - ERROR - Error checking balance: 'final_balance'
2024-07-21 10:41:55,670 - ERROR - No balance data found for TRX address: TWcNgYYVpBxoHufvwe6EGtwa639iVhM6tr
2024-07-21 10:41:57,152 - INFO - Seed: half odor series book output finish sting bicycle swim cheap divorce disorder
2024-07-21 10:41:57,152 - INFO - BTC Address: 1BoFeuUDATufzuZATouPkYEgwkYJBtyjnN, Balance: 0.0 BTC
2024-07-21 10:41:57,153 - INFO - ETH Address: 0x91060d455D445A3F8D3B4d1eE490fF9Bb5C2597E, Balance: 0.0 ETH
2024-07-21 10:41:57,153 - INFO - LTC Address: LYs9yEPbXSCwcPVSvyJHFMfnsvNJxb4qhk, Balance: 0 LTC
2024-07-21 10:41:57,154 - INFO - TRX Address: TWcNgYYVpBxoHufvwe6EGtwa639iVhM6tr, Balance: 0 TRX
2024-07-21 10:41:57,154 - INFO - USDT Address: 0x91060d455D445A3F8D3B4d1eE490fF9Bb5C2597E, Balance: 0.0 USDT
2024-07-21 10:41:59,248 - ERROR - Error checking balance, retrying in 5 seconds: 'final_balance'
2024-07-21 10:42:04,726 - ERROR - Error checking balance, retrying in 5 seconds: 'final_balance'
2024-07-21 10:42:10,160 - ERROR - Error checking balance: 'final_balance'
2024-07-21 10:42:10,949 - ERROR - No balance data found for TRX address: TNcdDVhvpT79qfKEeg3sCUfAZaeq5SFivF
2024-07-21 10:42:12,133 - INFO - Seed: host visa flee debate divide train dentist powder lion sight lazy vapor
2024-07-21 10:42:12,133 - INFO - BTC Address: 19YnBw9rpzEjmZJaVQeR1MDYqBEenNZTrC, Balance: 0.0 BTC
2024-07-21 10:42:12,134 - INFO - ETH Address: 0xE89cde9212C0c18ebeaD46320Ef186d17E2B969f, Balance: 0.0 ETH
2024-07-21 10:42:12,134 - INFO - LTC Address: Ler3HU8TDV6kzA26mhQbAeDy7n6rYy8L2d, Balance: 0 LTC
2024-07-21 10:42:12,135 - INFO - TRX Address: TNcdDVhvpT79qfKEeg3sCUfAZaeq5SFivF, Balance: 0 TRX
2024-07-21 10:42:12,135 - INFO - USDT Address: 0xE89cde9212C0c18ebeaD46320Ef186d17E2B969f, Balance: 0.0 USDT
2024-07-21 10:42:14,310 - ERROR - Error checking balance, retrying in 5 seconds: 'final_balance'
2024-07-21 10:42:19,773 - ERROR - Error checking balance, retrying in 5 seconds: 'final_balance'
2024-07-21 10:42:25,257 - ERROR - Error checking balance: 'final_balance'
2024-07-21 10:42:26,043 - ERROR - No balance data found for TRX address: TG8LyyQs4EG9vJg1RLbyeRmRQr3F3628p4
2024-07-21 10:42:27,227 - INFO - Seed: robust jaguar follow bread prefer client fuel material toss seminar ethics pass
2024-07-21 10:42:27,227 - INFO - BTC Address: 1H5aF5XzKX1Ar1YARkNcXhgEfXuFgCACaC, Balance: 0.0 BTC
2024-07-21 10:42:27,227 - INFO - ETH Address: 0xB6E2F622ECf7F93536054C48822ee584F5Ae19BB, Balance: 0.0 ETH
2024-07-21 10:42:27,228 - INFO - LTC Address: LL93pqW2oDxv6iE7EUSmEVsnbjr4Qt7GsK, Balance: 0 LTC
2024-07-21 10:42:27,229 - INFO - TRX Address: TG8LyyQs4EG9vJg1RLbyeRmRQr3F3628p4, Balance: 0 TRX
2024-07-21 10:42:27,229 - INFO - USDT Address: 0xB6E2F622ECf7F93536054C48822ee584F5Ae19BB, Balance: 0.0 USDT
2024-07-21 10:42:29,445 - ERROR - Error checking balance, retrying in 5 seconds: 'final_balance'
2024-07-21 10:42:34,895 - ERROR - Error checking balance, retrying in 5 seconds: 'final_balance'
2024-07-21 10:42:40,368 - ERROR - Error checking balance: 'final_balance'
2024-07-21 10:42:41,101 - ERROR - No balance data found for TRX address: THiBQec3ksazewYDezAqbjQ2ykR5WnpbXv
2024-07-21 10:42:42,271 - INFO - Seed: vault before dynamic poet what jeans victory pass oven burden cannon inspire
2024-07-21 10:42:42,271 - INFO - BTC Address: 16faNamFDQibJFjkX9cXtuDZgAqnzxJCcj, Balance: 0.0 BTC
2024-07-21 10:42:42,272 - INFO - ETH Address: 0x27e4278470463e386e9Ca5d6A1b6f992DF533867, Balance: 0.0 ETH
2024-07-21 10:42:42,272 - INFO - LTC Address: Li8cfLnVMu8bHtxy7a4EmP2cYvBKpuf1sL, Balance: 0 LTC
2024-07-21 10:42:42,273 - INFO - TRX Address: THiBQec3ksazewYDezAqbjQ2ykR5WnpbXv, Balance: 0 TRX
2024-07-21 10:42:42,273 - INFO - USDT Address: 0x27e4278470463e386e9Ca5d6A1b6f992DF533867, Balance: 0.0 USDT
2024-07-21 10:42:44,463 - ERROR - Error checking balance, retrying in 5 seconds: 'final_balance'
2024-07-21 10:42:49,912 - ERROR - Error checking balance, retrying in 5 seconds: 'final_balance'
2024-07-21 10:42:55,379 - ERROR - Error checking balance: 'final_balance'
2024-07-21 10:42:56,136 - ERROR - No balance data found for TRX address: TVvuJvu6jxPr2Qh3uULEezDzr3cWDBtGDb
2024-07-21 10:42:57,251 - INFO - Seed: stone regular problem primary skirt kingdom notable horse perfect subway vapor mail
2024-07-21 10:42:57,251 - INFO - BTC Address: 1L3ejpHefMzcpUgKjcBWBBsJTp8Cer3x47, Balance: 0.0 BTC
2024-07-21 10:42:57,252 - INFO - ETH Address: 0x5Df9B3889354953719e859718074e5C9Cb1b05c4, Balance: 0.0 ETH
2024-07-21 10:42:57,252 - INFO - LTC Address: LdKhb4wZ6QD4qJ6R9ezq73BHVVHBDXyaW9, Balance: 0 LTC
2024-07-21 10:42:57,253 - INFO - TRX Address: TVvuJvu6jxPr2Qh3uULEezDzr3cWDBtGDb, Balance: 0 TRX
2024-07-21 10:42:57,253 - INFO - USDT Address: 0x5Df9B3889354953719e859718074e5C9Cb1b05c4, Balance: 0.0 USDT
2024-07-21 10:42:59,309 - ERROR - Error checking balance, retrying in 5 seconds: 'final_balance'
2024-07-21 10:43:04,870 - ERROR - Error checking balance, retrying in 5 seconds: 'final_balance'
2024-07-21 10:43:10,329 - ERROR - Error checking balance: 'final_balance'
2024-07-21 10:43:11,088 - ERROR - No balance data found for TRX address: TQrLiCfbUHFkUBJJ3CY2hQA1YhdZDsBPvZ
2024-07-21 10:43:12,215 - INFO - Seed: zoo donkey human tree next promote beauty another place tell lab entry
2024-07-21 10:43:12,216 - INFO - BTC Address: 1PnMoExH5Gd4zaZHhg4FSyNx86qnETEXWK, Balance: 0.0 BTC
2024-07-21 10:43:12,217 - INFO - ETH Address: 0x2799997fec761b9dCa872684a765cb41a29A792F, Balance: 0.0 ETH
2024-07-21 10:43:12,217 - INFO - LTC Address: LWAGDmFRzP3tE12m8tJUfot4NPbAwByPfx, Balance: 0 LTC
2024-07-21 10:43:12,218 - INFO - TRX Address: TQrLiCfbUHFkUBJJ3CY2hQA1YhdZDsBPvZ, Balance: 0 TRX
2024-07-21 10:43:12,219 - INFO - USDT Address: 0x2799997fec761b9dCa872684a765cb41a29A792F, Balance: 0.0 USDT
2024-07-21 10:43:14,314 - ERROR - Error checking balance, retrying in 5 seconds: 'final_balance'
2024-07-21 10:43:19,751 - ERROR - Error checking balance, retrying in 5 seconds: 'final_balance'
2024-07-21 10:43:25,229 - ERROR - Error checking balance: 'final_balance'
2024-07-21 10:43:26,101 - ERROR - No balance data found for TRX address: TMEBRxE8W58bd438jC7JmGZvTCgZco7vHd
2024-07-21 10:43:27,271 - INFO - Seed: agree web crew scrub slogan win ordinary rebel farm glad omit rail
2024-07-21 10:43:27,271 - INFO - BTC Address: 15yvpbsExvRWTdhBtxViKTxJwtwPxsK6gb, Balance: 0.0 BTC
2024-07-21 10:43:27,272 - INFO - ETH Address: 0x36649aD4ab1E4B3386a8AC23d465157677091635, Balance: 0.0 ETH
2024-07-21 10:43:27,272 - INFO - LTC Address: LZk1Y8GzcZE46UaR9V6RfftntffLjkCuUf, Balance: 0 LTC
2024-07-21 10:43:27,273 - INFO - TRX Address: TMEBRxE8W58bd438jC7JmGZvTCgZco7vHd, Balance: 0 TRX
2024-07-21 10:43:27,273 - INFO - USDT Address: 0x36649aD4ab1E4B3386a8AC23d465157677091635, Balance: 0.0 USDT
2024-07-21 10:43:29,464 - ERROR - Error checking balance, retrying in 5 seconds: 'final_balance'
2024-07-21 10:43:34,929 - ERROR - Error checking balance, retrying in 5 seconds: 'final_balance'
2024-07-21 10:43:40,363 - ERROR - Error checking balance: 'final_balance'
2024-07-21 10:43:41,127 - ERROR - No balance data found for TRX address: TPEj9GhP9EcHqj3s2D67VGsf84AgfkdQ1y
2024-07-21 10:43:42,277 - INFO - Seed: foot also cry foster need loud accident silent fox soda dinner isolate
2024-07-21 10:43:42,278 - INFO - BTC Address: 12khFJqvGtXUAVJcbvJ3ywSoAqpbpWq6DH, Balance: 0.0 BTC
2024-07-21 10:43:42,279 - INFO - ETH Address: 0xd07a2F09df2Ea59094b59490A1484ACb020156aC, Balance: 0.0 ETH
2024-07-21 10:43:42,279 - INFO - LTC Address: Lgrdcg7bp4ffUGu2VwD7RzjTP5oAwH4mSs, Balance: 0 LTC
2024-07-21 10:43:42,280 - INFO - TRX Address: TPEj9GhP9EcHqj3s2D67VGsf84AgfkdQ1y, Balance: 0 TRX
2024-07-21 10:43:42,280 - INFO - USDT Address: 0xd07a2F09df2Ea59094b59490A1484ACb020156aC, Balance: 0.0 USDT
2024-07-21 10:43:44,489 - ERROR - Error checking balance, retrying in 5 seconds: 'final_balance'
2024-07-21 10:43:49,943 - ERROR - Error checking balance, retrying in 5 seconds: 'final_balance'
2024-07-21 10:43:55,214 - ERROR - Error checking balance: ('Connection aborted.', ConnectionAbortedError(10053, 'An established connection was aborted by the software in your host machine', None, 10053, None))
2024-07-21 10:43:56,027 - ERROR - No balance data found for TRX address: TAnA84Smx5QA4NLBHMvT3tW6iegW5H1jL5
2024-07-21 10:43:59,216 - INFO - Seed: consider recipe robust practice shell news muffin shoulder base race lamp budget
2024-07-21 10:43:59,216 - INFO - BTC Address: 1ME5HnS6WJ56Tiz1pPzTM461nCDcGXR5Jn, Balance: 0.0 BTC
2024-07-21 10:43:59,217 - INFO - ETH Address: 0x32f5208f3D9048e5AC168565f83Aa8E434D60D72, Balance: 0.0 ETH
2024-07-21 10:43:59,218 - INFO - LTC Address: LSHduHFkdubvfizrhoT3A5kDeLzM1g5N3v, Balance: 0 LTC
2024-07-21 10:43:59,219 - INFO - TRX Address: TAnA84Smx5QA4NLBHMvT3tW6iegW5H1jL5, Balance: 0 TRX
2024-07-21 10:43:59,219 - INFO - USDT Address: 0x32f5208f3D9048e5AC168565f83Aa8E434D60D72, Balance: 0.0 USDT
2024-07-21 10:44:32,322 - ERROR - Error checking balance, retrying in 5 seconds: HTTPSConnectionPool(host='blockchain.info', port=443): Max retries exceeded with url: /balance?active=1Er6QKhAtv9BCzHw7Ff3sxdgh1arZmqVmG (Caused by ConnectTimeoutError(<urllib3.connection.HTTPSConnection object at 0x0000024C40A98D40>, 'Connection to blockchain.info timed out. (connect timeout=None)'))
2024-07-21 10:45:53,736 - INFO - Program interrupted by user. Exiting...
2024-07-21 10:53:19,507 - ERROR - Error checking balance, retrying in 5 seconds: 'final_balance'
2024-07-21 10:53:25,133 - ERROR - Error checking balance, retrying in 5 seconds: 'final_balance'
2024-07-21 10:53:30,789 - ERROR - Error checking balance: 'final_balance'
2024-07-21 10:53:31,632 - ERROR - No balance data found for TRX address: TTip4qeyyZN7efRTs8Tyi5riS2qoVV58MK
2024-07-21 10:53:32,753 - INFO - Seed: canoe easily engage romance deliver grunt bullet funny attack fan elite only
2024-07-21 10:53:32,753 - INFO - BTC Address: 1ETeAYznXMPLr8wuS9g2zDsW3MhHvm1KFm, Balance: 0.0 BTC
2024-07-21 10:53:32,753 - INFO - ETH Address: 0xaf7e7a404E15f645FA25A51A02FF51fDEA28B3b4, Balance: 0.0 ETH
2024-07-21 10:53:32,753 - INFO - LTC Address: LXW9dE7T67ov6tUVYLg32rfrDYXQf8WQkQ, Balance: 0 LTC
2024-07-21 10:53:32,754 - INFO - TRX Address: TTip4qeyyZN7efRTs8Tyi5riS2qoVV58MK, Balance: 0 TRX
2024-07-21 10:53:32,754 - INFO - USDT Address: 0xaf7e7a404E15f645FA25A51A02FF51fDEA28B3b4, Balance: 0.0 USDT
2024-07-21 10:53:32,754 - INFO - 
2024-07-21 10:53:40,080 - ERROR - Error checking balance, retrying in 5 seconds: 'final_balance'
2024-07-21 10:53:45,871 - ERROR - Error checking balance, retrying in 5 seconds: 'final_balance'
2024-07-21 10:53:51,520 - ERROR - Error checking balance: 'final_balance'
2024-07-21 10:53:52,354 - ERROR - No balance data found for TRX address: TUtwtjeEXDHgFJMTduEHZDX2ZjGXsBSuaV
2024-07-21 10:53:53,491 - INFO - Seed: cinnamon chef fiscal force peasant snack hen virus job appear patient bitter
2024-07-21 10:53:53,492 - INFO - BTC Address: 12q9hUVguU4qMkFjiYtR69ucMJ5nHta8gY, Balance: 0.0 BTC
2024-07-21 10:53:53,492 - INFO - ETH Address: 0x24A07b1A7a203cDc200e8ba626B1826eC8d4A489, Balance: 0.0 ETH
2024-07-21 10:53:53,492 - INFO - LTC Address: LWp43KptXLffPs16ZvxhkkMG4Ta3dahNH1, Balance: 0 LTC
2024-07-21 10:53:53,492 - INFO - TRX Address: TUtwtjeEXDHgFJMTduEHZDX2ZjGXsBSuaV, Balance: 0 TRX
2024-07-21 10:53:53,492 - INFO - USDT Address: 0x24A07b1A7a203cDc200e8ba626B1826eC8d4A489, Balance: 0.0 USDT
2024-07-21 10:53:53,493 - INFO - 
2024-07-21 10:54:00,931 - ERROR - Error checking balance, retrying in 5 seconds: 'final_balance'
2024-07-21 10:54:06,537 - ERROR - Error checking balance, retrying in 5 seconds: 'final_balance'
2024-07-21 10:54:12,142 - ERROR - Error checking balance: 'final_balance'
2024-07-21 10:54:12,953 - ERROR - No balance data found for TRX address: TWMi3c3G8UZvVfowu1htWooAATnaY1GrKd
2024-07-21 10:54:14,108 - INFO - Seed: unable speed choose indicate super farm across surface dutch acoustic gravity virus
2024-07-21 10:54:14,109 - INFO - BTC Address: 1indMxzFoVyuHeduf7ot8VQBLHjojizqc, Balance: 0.0 BTC
2024-07-21 10:54:14,109 - INFO - ETH Address: 0x22a0E401Ca709c55751092bA5A056A7aAeBCcC4A, Balance: 0.0 ETH
2024-07-21 10:54:14,109 - INFO - LTC Address: LMMgWL3QsfNAwYAg8YA3NAd9DUG5u1nwSa, Balance: 0 LTC
2024-07-21 10:54:14,109 - INFO - TRX Address: TWMi3c3G8UZvVfowu1htWooAATnaY1GrKd, Balance: 0 TRX
2024-07-21 10:54:14,110 - INFO - USDT Address: 0x22a0E401Ca709c55751092bA5A056A7aAeBCcC4A, Balance: 0.0 USDT
2024-07-21 10:54:14,111 - INFO - 
2024-07-21 10:54:21,418 - ERROR - Error checking balance, retrying in 5 seconds: 'final_balance'
2024-07-21 10:54:27,101 - ERROR - Error checking balance, retrying in 5 seconds: 'final_balance'
2024-07-21 10:54:32,783 - ERROR - Error checking balance: 'final_balance'
2024-07-21 10:54:33,668 - ERROR - No balance data found for TRX address: TJS23QhBtGQjmDjZUASjTH3pvFN6FMChQD
2024-07-21 10:54:34,817 - INFO - Seed: extra best abuse finger issue hello obvious opera unfair pact special insane
2024-07-21 10:54:34,817 - INFO - BTC Address: 1B2EogAoVmYt24A5WMptWn9NyHHxDyKJUV, Balance: 0.0 BTC
2024-07-21 10:54:34,818 - INFO - ETH Address: 0x2eDDd6FaB1d9E7771187aA78fD978FdBaE8B05db, Balance: 0.0 ETH
2024-07-21 10:54:34,818 - INFO - LTC Address: LYyM4a26drJJgN8MnqH6znYQgUNGhmwuJM, Balance: 0 LTC
2024-07-21 10:54:34,819 - INFO - TRX Address: TJS23QhBtGQjmDjZUASjTH3pvFN6FMChQD, Balance: 0 TRX
2024-07-21 10:54:34,819 - INFO - USDT Address: 0x2eDDd6FaB1d9E7771187aA78fD978FdBaE8B05db, Balance: 0.0 USDT
2024-07-21 10:54:34,820 - INFO - 
2024-07-21 10:54:42,083 - ERROR - Error checking balance, retrying in 5 seconds: 'final_balance'
2024-07-21 10:54:44,930 - INFO - Program interrupted by user. Exiting...
